Added Component: Designator=C1(CAPC(0805)2012X07N)
Added Component: Designator=C2(CAPC(0805)2012X07N)
Added Component: Designator=P1(HDR1X6H)
Added Component: Designator=R1(RESC(0805)2112X05N)
Added Component: Designator=R2(RESC(0805)2112X05N)
Added Component: Designator=R3(RESC(0805)2112X05N)
Added Pin To Net: NetName=GND Pin=C1-2
Added Pin To Net: NetName=GND Pin=C2-1
Added Pin To Net: NetName=GND Pin=P1-6
Added Net: Name=GND
Added Pin To Net: NetName=NetC1_1 Pin=C1-1
Added Net: Name=NetC1_1
Added Pin To Net: NetName=NetC2_2 Pin=C2-2
Added Pin To Net: NetName=NetC2_2 Pin=R3-2
Added Net: Name=NetC2_2
Added Net: Name=NetC3_1
Added Pin To Net: NetName=NetDD1_3 Pin=P1-4
Added Net: Name=NetDD1_3
Added Pin To Net: NetName=NetDD1_4 Pin=P1-3
Added Net: Name=NetDD1_4
Added Pin To Net: NetName=NetDD1_9 Pin=P1-2
Added Net: Name=NetDD1_9
Added Pin To Net: NetName=NetDD1_10 Pin=P1-1
Added Net: Name=NetDD1_10
Added Pin To Net: NetName=NetDD1_32 Pin=R1-2
Added Net: Name=NetDD1_32
Added Pin To Net: NetName=NetDD1_33 Pin=R2-2
Added Net: Name=NetDD1_33
Added Net: Name=NetDD1_39
Added Net: Name=NetDD1_60
Added Pin To Net: NetName=NetR1_1 Pin=R1-1
Added Net: Name=NetR1_1
Added Pin To Net: NetName=NetR2_1 Pin=R2-1
Added Net: Name=NetR2_1
Added Pin To Net: NetName=NetR3_1 Pin=R3-1
Added Net: Name=NetR3_1
Added Pin To Net: NetName=VCC Pin=P1-5
Added Net: Name=VCC
Added Class: Name=Sim900
Added Room: Name=Sim900
