Added Component: Designator=C1(CAPC(0805)2012X07N)
Added Component: Designator=C2(CAPC(0805)2012X07N)
Added Component: Designator=C3(CAPMP7343X310N)
Added Component: Designator=DD1(SIM900)
Added Component: Designator=J1(HIROSE_U.FL-R-SMT-1(10))
Added Component: Designator=P1(HDR1X6H)
Added Component: Designator=R1(RESC(0805)2112X05N)
Added Component: Designator=R2(RESC(0805)2112X05N)
Added Component: Designator=R3(RESC(0805)2112X05N)
Added Component: Designator=S?(SIM0424)
Added Pin To Net: NetName=GND Pin=C1-2
Added Pin To Net: NetName=GND Pin=C2-1
Added Pin To Net: NetName=GND Pin=C3-2
Added Pin To Net: NetName=GND Pin=DD1-1
Added Pin To Net: NetName=GND Pin=DD1-17
Added Pin To Net: NetName=GND Pin=DD1-18
Added Pin To Net: NetName=GND Pin=DD1-29
Added Pin To Net: NetName=GND Pin=P1-6
Added Pin To Net: NetName=GND Pin=S?-4
Added Net: Name=GND
Added Pin To Net: NetName=NetC1_1 Pin=C1-1
Added Pin To Net: NetName=NetC1_1 Pin=DD1-30
Added Pin To Net: NetName=NetC1_1 Pin=S?-1
Added Net: Name=NetC1_1
Added Pin To Net: NetName=NetC2_2 Pin=C2-2
Added Pin To Net: NetName=NetC2_2 Pin=DD1-31
Added Pin To Net: NetName=NetC2_2 Pin=R3-2
Added Net: Name=NetC2_2
Added Pin To Net: NetName=NetC3_1 Pin=C3-1
Added Pin To Net: NetName=NetC3_1 Pin=DD1-26
Added Net: Name=NetC3_1
Added Pin To Net: NetName=NetDD1_3 Pin=DD1-3
Added Pin To Net: NetName=NetDD1_3 Pin=P1-4
Added Net: Name=NetDD1_3
Added Pin To Net: NetName=NetDD1_4 Pin=DD1-4
Added Pin To Net: NetName=NetDD1_4 Pin=P1-3
Added Net: Name=NetDD1_4
Added Pin To Net: NetName=NetDD1_9 Pin=DD1-9
Added Pin To Net: NetName=NetDD1_9 Pin=P1-2
Added Net: Name=NetDD1_9
Added Pin To Net: NetName=NetDD1_10 Pin=DD1-10
Added Pin To Net: NetName=NetDD1_10 Pin=P1-1
Added Net: Name=NetDD1_10
Added Pin To Net: NetName=NetDD1_32 Pin=DD1-32
Added Pin To Net: NetName=NetDD1_32 Pin=R1-2
Added Net: Name=NetDD1_32
Added Pin To Net: NetName=NetDD1_33 Pin=DD1-33
Added Pin To Net: NetName=NetDD1_33 Pin=R2-2
Added Net: Name=NetDD1_33
Added Pin To Net: NetName=NetDD1_39 Pin=DD1-39
Added Pin To Net: NetName=NetDD1_39 Pin=DD1-45
Added Pin To Net: NetName=NetDD1_39 Pin=DD1-46
Added Pin To Net: NetName=NetDD1_39 Pin=DD1-53
Added Pin To Net: NetName=NetDD1_39 Pin=DD1-54
Added Pin To Net: NetName=NetDD1_39 Pin=DD1-58
Added Pin To Net: NetName=NetDD1_39 Pin=DD1-59
Added Pin To Net: NetName=NetDD1_39 Pin=DD1-61
Added Pin To Net: NetName=NetDD1_39 Pin=DD1-62
Added Pin To Net: NetName=NetDD1_39 Pin=DD1-63
Added Pin To Net: NetName=NetDD1_39 Pin=DD1-64
Added Pin To Net: NetName=NetDD1_39 Pin=DD1-65
Added Pin To Net: NetName=NetDD1_39 Pin=J1-2
Added Pin To Net: NetName=NetDD1_39 Pin=J1-2
Added Net: Name=NetDD1_39
Added Pin To Net: NetName=NetDD1_60 Pin=DD1-60
Added Pin To Net: NetName=NetDD1_60 Pin=J1-1
Added Net: Name=NetDD1_60
Added Pin To Net: NetName=NetR1_1 Pin=R1-1
Added Pin To Net: NetName=NetR1_1 Pin=S?-3
Added Net: Name=NetR1_1
Added Pin To Net: NetName=NetR2_1 Pin=R2-1
Added Pin To Net: NetName=NetR2_1 Pin=S?-2
Added Net: Name=NetR2_1
Added Pin To Net: NetName=NetR3_1 Pin=R3-1
Added Pin To Net: NetName=NetR3_1 Pin=S?-6
Added Net: Name=NetR3_1
Added Pin To Net: NetName=VCC Pin=DD1-55
Added Pin To Net: NetName=VCC Pin=DD1-56
Added Pin To Net: NetName=VCC Pin=DD1-57
Added Pin To Net: NetName=VCC Pin=P1-5
Added Net: Name=VCC
